 command line:
   ./NAND_2_AND_RES_isim_beh.exe
     -intstyle  ise
     -ipchost  localhost
     -ipcport  50576

Fri Sep 08 15:13:42 2017

Total Line Count = 735

 Elaboration time 0.015625 sec.

 Estimate current memory usage 62.2264 Meg. 

 Total signals 7
 Total nets 4
 Total signal drivers 4
 Total blocks 7
 Total primitive blocks 1
 Total processes 3
ntrace select -o on -m / -l this 
ntrace start 
run all 
Simulator is doing circuit initialization process.
Finished circuit initialization process.
