
Jul 07, 2017 01:39:00.98 NEW SESSION
Jul 07, 2017 01:39:00.98 [3508:1196:0707/013900.987:ERROR:connection_factory_impl.cc(386)] Failed to connect to MCS endpoint with error -106
Jul 07, 2017 01:39:01.09 [3508:1196:0707/013901.096:ERROR:checkin_request.cc(211)] Failed to get checkin response. Fetcher failed. Retrying.
Jul 07, 2017 01:39:23.47 [3508:1196:0707/013923.476:ERROR:connection_factory_impl.cc(386)] Failed to connect to MCS endpoint with error -106
Jul 07, 2017 01:39:26.98 [3508:1196:0707/013926.988:ERROR:checkin_request.cc(211)] Failed to get checkin response. Fetcher failed. Retrying.
Jul 07, 2017 01:39:36.05 [3508:4916:0707/013936.052:ERROR:account_tracker.cc(356)] OnGetTokenFailure: Connection failed (-106).
Jul 07, 2017 01:39:36.05 [3508:4916:0707/013936.052:ERROR:account_tracker.cc(356)] OnGetTokenFailure: Connection failed (-106).
Jul 07, 2017 01:40:05.07 [3508:1196:0707/014005.069:ERROR:connection_factory_impl.cc(386)] Failed to connect to MCS endpoint with error -106
Jul 07, 2017 01:40:16.95 [3508:1196:0707/014016.958:ERROR:checkin_request.cc(211)] Failed to get checkin response. Fetcher failed. Retrying.
Jul 07, 2017 01:41:48.37 [3508:1196:0707/014148.376:ERROR:checkin_request.cc(211)] Failed to get checkin response. Fetcher failed. Retrying.
Jul 07, 2017 01:41:50.93 [3508:1196:0707/014150.935:ERROR:connection_factory_impl.cc(386)] Failed to connect to MCS endpoint with error -106
Jul 07, 2017 01:42:13.97 [3508:4916:0707/014213.978:ERROR:gcm_channel_status_request.cc(127)] GCM channel request failed.
Jul 07, 2017 01:42:42.33 [3508:4916:0707/014242.337:ERROR:gcm_channel_status_request.cc(127)] GCM channel request failed.
Jul 07, 2017 01:43:39.23 [3508:4916:0707/014339.238:ERROR:gcm_channel_status_request.cc(127)] GCM channel request failed.
Jul 07, 2017 01:48:02.18 [7504:9100:0707/014802.185:ERROR:connection_factory_impl.cc(386)] Failed to connect to MCS endpoint with error -106
Jul 07, 2017 01:48:02.29 [7504:9100:0707/014802.290:ERROR:checkin_request.cc(211)] Failed to get checkin response. Fetcher failed. Retrying.
Jul 07, 2017 01:49:47.32 [3648:5028:0707/014947.329:ERROR:connection_factory_impl.cc(386)] Failed to connect to MCS endpoint with error -106
Jul 07, 2017 01:49:47.34 [3648:5028:0707/014947.347:ERROR:checkin_request.cc(211)] Failed to get checkin response. Fetcher failed. Retrying.
Jul 07, 2017 01:52:25.78 [6356:6312:0707/015225.783:ERROR:connection_factory_impl.cc(386)] Failed to connect to MCS endpoint with error -106
Jul 07, 2017 01:52:25.80 [6356:6312:0707/015225.808:ERROR:checkin_request.cc(211)] Failed to get checkin response. Fetcher failed. Retrying.
Jul 07, 2017 01:53:55.60 [1080:4560:0707/015355.603:ERROR:connection_factory_impl.cc(386)] Failed to connect to MCS endpoint with error -106
Jul 07, 2017 01:53:55.70 [1080:4560:0707/015355.702:ERROR:checkin_request.cc(211)] Failed to get checkin response. Fetcher failed. Retrying.
Jul 07, 2017 01:54:56.47 [2612:8200:0707/015456.477:ERROR:connection_factory_impl.cc(386)] Failed to connect to MCS endpoint with error -106
Jul 07, 2017 01:54:56.49 [2612:8200:0707/015456.493:ERROR:checkin_request.cc(211)] Failed to get checkin response. Fetcher failed. Retrying.
Jul 07, 2017 01:55:20.98 [2612:8200:0707/015520.982:ERROR:checkin_request.cc(211)] Failed to get checkin response. Fetcher failed. Retrying.
Jul 07, 2017 01:56:15.43 [8292:5540:0707/015615.430:ERROR:connection_factory_impl.cc(386)] Failed to connect to MCS endpoint with error -106
Jul 07, 2017 01:56:15.44 [8292:5540:0707/015615.449:ERROR:checkin_request.cc(211)] Failed to get checkin response. Fetcher failed. Retrying.
Jul 07, 2017 02:00:09.90 [6408:6744:0707/020009.906:ERROR:connection_factory_impl.cc(386)] Failed to connect to MCS endpoint with error -106
Jul 07, 2017 02:00:09.92 [6408:6744:0707/020009.927:ERROR:checkin_request.cc(211)] Failed to get checkin response. Fetcher failed. Retrying.
Jul 07, 2017 02:00:35.04 [6408:6744:0707/020035.041:ERROR:connection_factory_impl.cc(386)] Failed to connect to MCS endpoint with error -106
Jul 07, 2017 02:00:39.50 [6408:6744:0707/020039.508:ERROR:checkin_request.cc(211)] Failed to get checkin response. Fetcher failed. Retrying.
Jul 07, 2017 02:00:43.23 [6408:6992:0707/020043.239:ERROR:account_tracker.cc(356)] OnGetTokenFailure: Connection failed (-106).
Jul 07, 2017 02:00:43.24 [6408:6992:0707/020043.239:ERROR:account_tracker.cc(356)] OnGetTokenFailure: Connection failed (-106).
Jul 07, 2017 02:01:09.24 [4200:2752:0707/020109.243:ERROR:connection_factory_impl.cc(386)] Failed to connect to MCS endpoint with error -106
Jul 07, 2017 02:01:09.26 [4200:2752:0707/020109.263:ERROR:checkin_request.cc(211)] Failed to get checkin response. Fetcher failed. Retrying.
Jul 07, 2017 02:01:38.60 [4200:2752:0707/020138.605:ERROR:checkin_request.cc(211)] Failed to get checkin response. Fetcher failed. Retrying.
Jul 07, 2017 02:01:39.12 [4200:2752:0707/020139.120:ERROR:connection_factory_impl.cc(386)] Failed to connect to MCS endpoint with error -106
Jul 07, 2017 02:01:43.49 [4200:3728:0707/020143.497:ERROR:account_tracker.cc(356)] OnGetTokenFailure: Connection failed (-106).
Jul 07, 2017 02:01:43.50 [4200:3728:0707/020143.497:ERROR:account_tracker.cc(356)] OnGetTokenFailure: Connection failed (-106).
Jul 07, 2017 02:02:19.74 [4200:2752:0707/020219.742:ERROR:connection_factory_impl.cc(386)] Failed to connect to MCS endpoint with error -106
Jul 07, 2017 02:02:26.88 [4200:2752:0707/020226.884:ERROR:checkin_request.cc(211)] Failed to get checkin response. Fetcher failed. Retrying.
Jul 07, 2017 02:03:57.40 [4200:2752:0707/020357.406:ERROR:checkin_request.cc(211)] Failed to get checkin response. Fetcher failed. Retrying.
Jul 07, 2017 02:04:18.78 [4200:2752:0707/020418.786:ERROR:connection_factory_impl.cc(386)] Failed to connect to MCS endpoint with error -106
Jul 07, 2017 02:05:06.23 [4200:3728:0707/020506.231:ERROR:gcm_channel_status_request.cc(127)] GCM channel request failed.
Jul 07, 2017 02:05:35.49 [4200:3728:0707/020535.492:ERROR:gcm_channel_status_request.cc(127)] GCM channel request failed.
Jul 07, 2017 02:06:20.36 [4200:3728:0707/020620.368:ERROR:gcm_channel_status_request.cc(127)] GCM channel request failed.
Jul 07, 2017 02:06:55.50 [4200:2752:0707/020655.504:ERROR:checkin_request.cc(211)] Failed to get checkin response. Fetcher failed. Retrying.
Jul 07, 2017 02:07:41.49 [4200:2752:0707/020741.494:ERROR:connection_factory_impl.cc(386)] Failed to connect to MCS endpoint with error -106
Jul 07, 2017 02:08:11.16 [4200:3728:0707/020811.168:ERROR:gcm_channel_status_request.cc(127)] GCM channel request failed.
Jul 07, 2017 02:10:55.69 [4200:3728:0707/021055.694:ERROR:gcm_channel_status_request.cc(127)] GCM channel request failed.
Jul 07, 2017 02:14:39.65 [4200:2752:0707/021439.652:ERROR:checkin_request.cc(211)] Failed to get checkin response. Fetcher failed. Retrying.
Jul 07, 2017 02:14:42.81 [4200:2752:0707/021442.818:ERROR:connection_factory_impl.cc(386)] Failed to connect to MCS endpoint with error -106
Jul 07, 2017 02:16:25.92 [4200:3728:0707/021625.922:ERROR:gcm_channel_status_request.cc(127)] GCM channel request failed.
Jul 07, 2017 02:24:39.65 [4200:2752:0707/022439.655:ERROR:checkin_request.cc(211)] Failed to get checkin response. Fetcher failed. Retrying.
Jul 07, 2017 02:24:42.82 [4200:2752:0707/022442.827:ERROR:connection_factory_impl.cc(386)] Failed to connect to MCS endpoint with error -106
Jul 07, 2017 02:26:25.92 [4200:3728:0707/022625.929:ERROR:gcm_channel_status_request.cc(127)] GCM channel request failed.
Jul 07, 2017 02:34:39.67 [4200:2752:0707/023439.672:ERROR:checkin_request.cc(211)] Failed to get checkin response. Fetcher failed. Retrying.
Jul 07, 2017 02:34:42.83 [4200:2752:0707/023442.837:ERROR:connection_factory_impl.cc(386)] Failed to connect to MCS endpoint with error -106
Jul 07, 2017 02:36:25.94 [4200:3728:0707/023625.939:ERROR:gcm_channel_status_request.cc(127)] GCM channel request failed.
Jul 07, 2017 02:44:39.68 [4200:2752:0707/024439.680:ERROR:checkin_request.cc(211)] Failed to get checkin response. Fetcher failed. Retrying.
Jul 07, 2017 02:44:42.83 [4200:2752:0707/024442.839:ERROR:connection_factory_impl.cc(386)] Failed to connect to MCS endpoint with error -106
Jul 07, 2017 02:46:25.94 [4200:3728:0707/024625.943:ERROR:gcm_channel_status_request.cc(127)] GCM channel request failed.
Jul 07, 2017 02:54:39.68 [4200:2752:0707/025439.682:ERROR:checkin_request.cc(211)] Failed to get checkin response. Fetcher failed. Retrying.
Jul 07, 2017 02:54:42.84 [4200:2752:0707/025442.846:ERROR:connection_factory_impl.cc(386)] Failed to connect to MCS endpoint with error -106
Jul 07, 2017 02:56:25.95 [4200:3728:0707/025625.954:ERROR:gcm_channel_status_request.cc(127)] GCM channel request failed.
Jul 07, 2017 03:04:39.68 [4200:2752:0707/030439.686:ERROR:checkin_request.cc(211)] Failed to get checkin response. Fetcher failed. Retrying.
Jul 07, 2017 03:04:42.86 [4200:2752:0707/030442.862:ERROR:connection_factory_impl.cc(386)] Failed to connect to MCS endpoint with error -106
Jul 07, 2017 03:06:25.96 [4200:3728:0707/030625.960:ERROR:gcm_channel_status_request.cc(127)] GCM channel request failed.
Jul 07, 2017 03:14:39.70 [4200:2752:0707/031439.702:ERROR:checkin_request.cc(211)] Failed to get checkin response. Fetcher failed. Retrying.
Jul 07, 2017 03:14:42.87 [4200:2752:0707/031442.875:ERROR:connection_factory_impl.cc(386)] Failed to connect to MCS endpoint with error -106
Jul 07, 2017 03:16:25.97 [4200:3728:0707/031625.969:ERROR:gcm_channel_status_request.cc(127)] GCM channel request failed.

Jul 07, 2017 22:47:33.09 NEW SESSION
Jul 07, 2017 22:47:33.09 [3732:7720:0707/224733.089:ERROR:connection_factory_impl.cc(386)] Failed to connect to MCS endpoint with error -106
Jul 07, 2017 22:47:33.16 [3732:7720:0707/224733.102:ERROR:checkin_request.cc(211)] Failed to get checkin response. Fetcher failed. Retrying.
Jul 07, 2017 22:49:23.22 [4432:2056:0707/224923.221:ERROR:connection_factory_impl.cc(386)] Failed to connect to MCS endpoint with error -106
Jul 07, 2017 22:49:23.27 [4432:2056:0707/224923.272:ERROR:checkin_request.cc(211)] Failed to get checkin response. Fetcher failed. Retrying.
Jul 07, 2017 22:49:49.98 [4432:2056:0707/224949.987:ERROR:checkin_request.cc(211)] Failed to get checkin response. Fetcher failed. Retrying.
Jul 07, 2017 22:49:53.19 [4432:2056:0707/224953.199:ERROR:connection_factory_impl.cc(386)] Failed to connect to MCS endpoint with error -106
Jul 07, 2017 22:49:56.80 [4432:4736:0707/224956.803:ERROR:account_tracker.cc(356)] OnGetTokenFailure: Connection failed (-106).
Jul 07, 2017 22:49:56.80 [4432:4736:0707/224956.803:ERROR:account_tracker.cc(356)] OnGetTokenFailure: Connection failed (-106).
Jul 07, 2017 22:50:39.79 [4432:2056:0707/225039.796:ERROR:checkin_request.cc(211)] Failed to get checkin response. Fetcher failed. Retrying.
Jul 07, 2017 22:50:42.95 [4432:2056:0707/225042.954:ERROR:connection_factory_impl.cc(386)] Failed to connect to MCS endpoint with error -106
Jul 07, 2017 22:52:02.10 [4432:2056:0707/225202.106:ERROR:checkin_request.cc(211)] Failed to get checkin response. Fetcher failed. Retrying.
Jul 07, 2017 22:52:07.13 [4432:2056:0707/225207.135:ERROR:connection_factory_impl.cc(386)] Failed to connect to MCS endpoint with error -106
Jul 07, 2017 22:55:11.50 [4432:2056:0707/225511.507:ERROR:checkin_request.cc(211)] Failed to get checkin response. Fetcher failed. Retrying.
Jul 07, 2017 22:55:20.85 [4432:2056:0707/225520.857:ERROR:connection_factory_impl.cc(386)] Failed to connect to MCS endpoint with error -106
Jul 07, 2017 23:01:27.01 [4432:2056:0707/230127.010:ERROR:connection_factory_impl.cc(386)] Failed to connect to MCS endpoint with error -106
Jul 07, 2017 23:02:23.56 [4432:2056:0707/230223.566:ERROR:checkin_request.cc(211)] Failed to get checkin response. Fetcher failed. Retrying.
Jul 07, 2017 23:02:33.20 [4432:4736:0707/230233.206:ERROR:gcm_channel_status_request.cc(127)] GCM channel request failed.
Jul 07, 2017 23:03:16.62 [9088:5364:0707/230316.626:ERROR:connection_factory_impl.cc(386)] Failed to connect to MCS endpoint with error -106
Jul 07, 2017 23:03:16.74 [9088:5364:0707/230316.745:ERROR:checkin_request.cc(211)] Failed to get checkin response. Fetcher failed. Retrying.
Jul 07, 2017 23:03:48.52 [6080:4720:0707/230348.521:ERROR:connection_factory_impl.cc(386)] Failed to connect to MCS endpoint with error -106
Jul 07, 2017 23:03:48.62 [6080:4720:0707/230348.624:ERROR:checkin_request.cc(211)] Failed to get checkin response. Fetcher failed. Retrying.
Jul 07, 2017 23:04:09.22 [6080:4720:0707/230409.222:ERROR:connection_factory_impl.cc(386)] Failed to connect to MCS endpoint with error -106
Jul 07, 2017 23:04:17.06 [6080:4720:0707/230417.061:ERROR:checkin_request.cc(211)] Failed to get checkin response. Fetcher failed. Retrying.
Jul 07, 2017 23:04:24.13 [6080:724:0707/230424.133:ERROR:account_tracker.cc(356)] OnGetTokenFailure: Connection failed (-106).
Jul 07, 2017 23:04:24.13 [6080:724:0707/230424.133:ERROR:account_tracker.cc(356)] OnGetTokenFailure: Connection failed (-106).
Jul 07, 2017 23:04:52.41 [6080:4720:0707/230452.415:ERROR:connection_factory_impl.cc(386)] Failed to connect to MCS endpoint with error -106
Jul 07, 2017 23:05:02.46 [6080:4720:0707/230502.459:ERROR:checkin_request.cc(211)] Failed to get checkin response. Fetcher failed. Retrying.
Jul 07, 2017 23:06:18.80 [6080:4720:0707/230618.803:ERROR:connection_factory_impl.cc(386)] Failed to connect to MCS endpoint with error -106
Jul 07, 2017 23:06:29.85 [6080:4720:0707/230629.853:ERROR:checkin_request.cc(211)] Failed to get checkin response. Fetcher failed. Retrying.

Jul 08, 2017 22:57:11.10 NEW SESSION
Jul 08, 2017 22:57:11.10 [2692:6284:0708/225710.980:ERROR:connection_factory_impl.cc(386)] Failed to connect to MCS endpoint with error -106
Jul 08, 2017 22:57:11.28 [2692:6284:0708/225711.167:ERROR:checkin_request.cc(211)] Failed to get checkin response. Fetcher failed. Retrying.
Jul 08, 2017 22:57:35.49 [2692:6284:0708/225735.493:ERROR:connection_factory_impl.cc(386)] Failed to connect to MCS endpoint with error -106
Jul 08, 2017 22:57:39.04 [2692:6284:0708/225739.045:ERROR:checkin_request.cc(211)] Failed to get checkin response. Fetcher failed. Retrying.
Jul 08, 2017 22:57:44.04 [2692:1472:0708/225744.044:ERROR:account_info_fetcher.cc(58)] OnGetTokenFailure: Connection failed (-106).
Jul 08, 2017 22:57:45.66 [2692:1472:0708/225745.662:ERROR:account_tracker.cc(356)] OnGetTokenFailure: Connection failed (-106).
Jul 08, 2017 22:57:45.66 [2692:1472:0708/225745.662:ERROR:account_tracker.cc(356)] OnGetTokenFailure: Connection failed (-106).
Jul 08, 2017 22:57:59.85 [2724:5572:0708/225759.850:ERROR:connection_factory_impl.cc(386)] Failed to connect to MCS endpoint with error -106
Jul 08, 2017 22:57:59.90 [2724:5572:0708/225759.903:ERROR:checkin_request.cc(211)] Failed to get checkin response. Fetcher failed. Retrying.

Jul 15, 2017 23:14:08.49 NEW SESSION
Jul 15, 2017 23:14:08.49 [2680:1940:0715/231408.491:ERROR:connection_factory_impl.cc(386)] Failed to connect to MCS endpoint with error -106
Jul 15, 2017 23:14:08.57 [2680:1940:0715/231408.517:ERROR:checkin_request.cc(211)] Failed to get checkin response. Fetcher failed. Retrying.
Jul 15, 2017 23:14:30.46 [2680:1940:0715/231430.463:ERROR:checkin_request.cc(211)] Failed to get checkin response. Fetcher failed. Retrying.
Jul 15, 2017 23:14:38.44 [2680:1940:0715/231438.441:ERROR:connection_factory_impl.cc(386)] Failed to connect to MCS endpoint with error -106
Jul 15, 2017 23:14:42.83 [2680:4764:0715/231442.832:ERROR:account_tracker.cc(356)] OnGetTokenFailure: Connection failed (-106).
Jul 15, 2017 23:14:42.84 [2680:4764:0715/231442.832:ERROR:account_tracker.cc(356)] OnGetTokenFailure: Connection failed (-106).
Jul 15, 2017 23:15:28.99 [7400:8880:0715/231528.999:ERROR:connection_factory_impl.cc(386)] Failed to connect to MCS endpoint with error -106
Jul 15, 2017 23:15:29.01 [7400:8880:0715/231529.017:ERROR:checkin_request.cc(211)] Failed to get checkin response. Fetcher failed. Retrying.
Jul 15, 2017 23:15:58.19 [7400:8880:0715/231558.194:ERROR:checkin_request.cc(211)] Failed to get checkin response. Fetcher failed. Retrying.
Jul 15, 2017 23:15:58.61 [7400:8880:0715/231558.614:ERROR:connection_factory_impl.cc(386)] Failed to connect to MCS endpoint with error -106
Jul 15, 2017 23:16:02.85 [7400:892:0715/231602.850:ERROR:account_tracker.cc(356)] OnGetTokenFailure: Connection failed (-106).
Jul 15, 2017 23:16:02.85 [7400:892:0715/231602.850:ERROR:account_tracker.cc(356)] OnGetTokenFailure: Connection failed (-106).
Jul 15, 2017 23:16:52.86 [7400:8880:0715/231652.864:ERROR:connection_factory_impl.cc(386)] Failed to connect to MCS endpoint with error -106
Jul 15, 2017 23:16:56.44 [7400:8880:0715/231656.449:ERROR:checkin_request.cc(211)] Failed to get checkin response. Fetcher failed. Retrying.
Jul 15, 2017 23:18:23.13 [7400:8880:0715/231823.136:ERROR:connection_factory_impl.cc(386)] Failed to connect to MCS endpoint with error -106
Jul 15, 2017 23:18:53.44 [7400:8880:0715/231853.445:ERROR:checkin_request.cc(211)] Failed to get checkin response. Fetcher failed. Retrying.
Jul 15, 2017 23:21:40.26 [7400:8880:0715/232140.263:ERROR:connection_factory_impl.cc(386)] Failed to connect to MCS endpoint with error -106
Jul 15, 2017 23:22:41.76 [7400:8880:0715/232241.764:ERROR:checkin_request.cc(211)] Failed to get checkin response. Fetcher failed. Retrying.
Jul 15, 2017 23:27:30.27 [7400:8880:0715/232730.274:ERROR:connection_factory_impl.cc(386)] Failed to connect to MCS endpoint with error -106
Jul 15, 2017 23:29:20.99 [7400:892:0715/232920.991:ERROR:gcm_channel_status_request.cc(127)] GCM channel request failed.
Jul 15, 2017 23:29:31.64 [7400:8880:0715/232931.642:ERROR:checkin_request.cc(211)] Failed to get checkin response. Fetcher failed. Retrying.
Jul 15, 2017 23:29:42.92 [7400:892:0715/232942.927:ERROR:gcm_channel_status_request.cc(127)] GCM channel request failed.
Jul 15, 2017 23:30:27.40 [7400:892:0715/233027.404:ERROR:gcm_channel_status_request.cc(127)] GCM channel request failed.
Jul 15, 2017 23:32:24.18 [7400:892:0715/233224.182:ERROR:gcm_channel_status_request.cc(127)] GCM channel request failed.
Jul 15, 2017 23:35:56.79 [7400:892:0715/233556.798:ERROR:gcm_channel_status_request.cc(127)] GCM channel request failed.
Jul 15, 2017 23:37:30.27 [7400:8880:0715/233730.275:ERROR:connection_factory_impl.cc(386)] Failed to connect to MCS endpoint with error -106
Jul 15, 2017 23:39:31.64 [7400:8880:0715/233931.643:ERROR:checkin_request.cc(211)] Failed to get checkin response. Fetcher failed. Retrying.
Jul 15, 2017 23:42:31.17 [7400:892:0715/234231.171:ERROR:gcm_channel_status_request.cc(127)] GCM channel request failed.
Jul 15, 2017 23:47:30.27 [7400:8880:0715/234730.277:ERROR:connection_factory_impl.cc(386)] Failed to connect to MCS endpoint with error -106
Jul 15, 2017 23:49:31.64 [7400:8880:0715/234931.644:ERROR:checkin_request.cc(211)] Failed to get checkin response. Fetcher failed. Retrying.
Jul 15, 2017 23:52:31.17 [7400:892:0715/235231.173:ERROR:gcm_channel_status_request.cc(127)] GCM channel request failed.
Jul 15, 2017 23:57:30.27 [7400:8880:0715/235730.277:ERROR:connection_factory_impl.cc(386)] Failed to connect to MCS endpoint with error -106
Jul 15, 2017 23:59:31.64 [7400:8880:0715/235931.646:ERROR:checkin_request.cc(211)] Failed to get checkin response. Fetcher failed. Retrying.
Jul 16, 2017 24:02:31.17 [7400:892:0716/000231.175:ERROR:gcm_channel_status_request.cc(127)] GCM channel request failed.
Jul 16, 2017 24:07:30.29 [7400:8880:0716/000730.290:ERROR:connection_factory_impl.cc(386)] Failed to connect to MCS endpoint with error -106
Jul 16, 2017 24:09:31.64 [7400:8880:0716/000931.649:ERROR:checkin_request.cc(211)] Failed to get checkin response. Fetcher failed. Retrying.
Jul 16, 2017 24:12:31.19 [7400:892:0716/001231.192:ERROR:gcm_channel_status_request.cc(127)] GCM channel request failed.
Jul 16, 2017 24:17:30.30 [7400:8880:0716/001730.301:ERROR:connection_factory_impl.cc(386)] Failed to connect to MCS endpoint with error -106
Jul 16, 2017 24:19:31.66 [7400:8880:0716/001931.659:ERROR:checkin_request.cc(211)] Failed to get checkin response. Fetcher failed. Retrying.
Jul 16, 2017 24:22:31.20 [7400:892:0716/002231.205:ERROR:gcm_channel_status_request.cc(127)] GCM channel request failed.
Jul 16, 2017 24:27:27.37 [8640:8924:0716/002727.375:ERROR:connection_factory_impl.cc(386)] Failed to connect to MCS endpoint with error -106
Jul 16, 2017 24:27:27.41 [8640:8924:0716/002727.418:ERROR:checkin_request.cc(211)] Failed to get checkin response. Fetcher failed. Retrying.
Jul 16, 2017 24:27:49.67 [8640:8924:0716/002749.679:ERROR:checkin_request.cc(211)] Failed to get checkin response. Fetcher failed. Retrying.
Jul 16, 2017 24:27:53.15 [8640:8924:0716/002753.151:ERROR:connection_factory_impl.cc(386)] Failed to connect to MCS endpoint with error -106
Jul 16, 2017 24:28:01.53 [8640:1640:0716/002801.538:ERROR:account_tracker.cc(356)] OnGetTokenFailure: Connection failed (-106).
Jul 16, 2017 24:28:01.53 [8640:1640:0716/002801.538:ERROR:account_tracker.cc(356)] OnGetTokenFailure: Connection failed (-106).
Jul 16, 2017 24:28:32.73 [8640:8924:0716/002832.732:ERROR:checkin_request.cc(211)] Failed to get checkin response. Fetcher failed. Retrying.
Jul 16, 2017 24:28:42.82 [8640:8924:0716/002842.821:ERROR:connection_factory_impl.cc(386)] Failed to connect to MCS endpoint with error -106
Jul 16, 2017 24:30:05.95 [8640:8924:0716/003005.956:ERROR:connection_factory_impl.cc(386)] Failed to connect to MCS endpoint with error -106
Jul 16, 2017 24:30:08.31 [8640:8924:0716/003008.314:ERROR:checkin_request.cc(211)] Failed to get checkin response. Fetcher failed. Retrying.
Jul 16, 2017 24:33:52.74 [8640:8924:0716/003352.741:ERROR:connection_factory_impl.cc(386)] Failed to connect to MCS endpoint with error -106
Jul 16, 2017 24:34:00.40 [8640:8924:0716/003400.404:ERROR:checkin_request.cc(211)] Failed to get checkin response. Fetcher failed. Retrying.
Jul 16, 2017 24:41:19.70 [8640:8924:0716/004119.709:ERROR:connection_factory_impl.cc(386)] Failed to connect to MCS endpoint with error -106
Jul 16, 2017 24:41:46.34 [8640:8924:0716/004146.349:ERROR:checkin_request.cc(211)] Failed to get checkin response. Fetcher failed. Retrying.
Jul 16, 2017 24:42:23.38 [8640:1640:0716/004223.387:ERROR:gcm_channel_status_request.cc(127)] GCM channel request failed.
Jul 16, 2017 24:42:50.82 [8640:1640:0716/004250.823:ERROR:gcm_channel_status_request.cc(127)] GCM channel request failed.
Jul 16, 2017 24:43:37.27 [8640:1640:0716/004337.271:ERROR:gcm_channel_status_request.cc(127)] GCM channel request failed.
