 command line:
   ./DECODER3_8_TB_isim_beh.exe
     -intstyle  ise
     -ipchost  localhost
     -ipcport  50053

Tue Aug 22 13:03:27 2017

Total Line Count = 746

 Elaboration time 0.015625 sec.

 Estimate current memory usage 62.2305 Meg. 

 Total signals 6
 Total nets 12
 Total signal drivers 10
 Total blocks 7
 Total primitive blocks 1
 Total processes 9
ntrace select -o on -m / -l this 
ntrace start 
run all 
Simulator is doing circuit initialization process.
Finished circuit initialization process.
