 command line:
   ./NAND_2_OR_RES_isim_beh.exe
     -intstyle  ise
     -ipchost  localhost
     -ipcport  50587

Fri Sep 08 15:19:07 2017

Total Line Count = 737

 Elaboration time 0.015625 sec.

 Estimate current memory usage 62.2264 Meg. 

 Total signals 8
 Total nets 5
 Total signal drivers 5
 Total blocks 7
 Total primitive blocks 1
 Total processes 4
ntrace select -o on -m / -l this 
ntrace start 
run all 
Simulator is doing circuit initialization process.
Finished circuit initialization process.
