Release 8.1i - xst I.24
Copyright (c) 1995-2005 Xilinx, Inc.  All rights reserved.
--> Parameter TMPDIR set to ./xst/projnav.tmp
CPU : 0.00 / 0.40 s | Elapsed : 0.00 / 0.00 s
 
--> Parameter xsthdpdir set to ./xst
CPU : 0.00 / 0.40 s | Elapsed : 0.00 / 0.00 s
 
--> Reading design: fulladder4bit.prj

TABLE OF CONTENTS
  1) Synthesis Options Summary
  2) HDL Compilation
  3) HDL Analysis
  4) HDL Synthesis
     4.1) HDL Synthesis Report
  5) Advanced HDL Synthesis
     5.1) Advanced HDL Synthesis Report
  6) Low Level Synthesis
  7) Final Report

=========================================================================
*                      Synthesis Options Summary                        *
=========================================================================
---- Source Parameters
Input File Name                    : "fulladder4bit.prj"
Input Format                       : mixed
Ignore Synthesis Constraint File   : NO

---- Target Parameters
Output File Name                   : "fulladder4bit"
Output Format                      : NGC
Target Device                      : Automotive CoolRunner2

---- Source Options
Top Module Name                    : fulladder4bit
Automatic FSM Extraction           : YES
FSM Encoding Algorithm             : Auto
Mux Extraction                     : YES
Resource Sharing                   : YES

---- Target Options
Add IO Buffers                     : YES
MACRO Preserve                     : YES
XOR Preserve                       : YES
Equivalent register Removal        : YES

---- General Options
Optimization Goal                  : Speed
Optimization Effort                : 1
Keep Hierarchy                     : YES
RTL Output                         : Yes
Hierarchy Separator                : /
Bus Delimiter                      : <>
Case Specifier                     : maintain

---- Other Options
lso                                : fulladder4bit.lso
verilog2001                        : YES
safe_implementation                : No
wysiwyg                            : NO

=========================================================================


=========================================================================
*                          HDL Compilation                              *
=========================================================================
Compiling vhdl file "J:/Xilin/fulladder4bit/fulladder4bit.vhd" in Library work.
Architecture behavioral of Entity fulladder4bit is up to date.

=========================================================================
*                            HDL Analysis                               *
=========================================================================
Analyzing Entity <fulladder4bit> (Architecture <behavioral>).
WARNING:Xst:766 - "J:/Xilin/fulladder4bit/fulladder4bit.vhd" line 47: Generating a Black Box for component <fulladder>.
WARNING:Xst:766 - "J:/Xilin/fulladder4bit/fulladder4bit.vhd" line 48: Generating a Black Box for component <fulladder>.
WARNING:Xst:766 - "J:/Xilin/fulladder4bit/fulladder4bit.vhd" line 49: Generating a Black Box for component <fulladder>.
WARNING:Xst:766 - "J:/Xilin/fulladder4bit/fulladder4bit.vhd" line 50: Generating a Black Box for component <fulladder>.
Entity <fulladder4bit> analyzed. Unit <fulladder4bit> generated.


=========================================================================
*                           HDL Synthesis                               *
=========================================================================

Synthesizing Unit <fulladder4bit>.
    Related source file is "J:/Xilin/fulladder4bit/fulladder4bit.vhd".
Unit <fulladder4bit> synthesized.


=========================================================================
HDL Synthesis Report

Found no macro
=========================================================================

=========================================================================
*                       Advanced HDL Synthesis                          *
=========================================================================


=========================================================================
Advanced HDL Synthesis Report

Found no macro
=========================================================================

=========================================================================
*                         Low Level Synthesis                           *
=========================================================================

Optimizing unit <fulladder4bit> ...
WARNING:Xst:2036 - Inserting OBUF on port <cout> driven by black box <fulladder>. Possible simulation mismatch.
WARNING:Xst:2036 - Inserting OBUF on port <s<3>> driven by black box <fulladder>. Possible simulation mismatch.
WARNING:Xst:2036 - Inserting OBUF on port <s<2>> driven by black box <fulladder>. Possible simulation mismatch.
WARNING:Xst:2036 - Inserting OBUF on port <s<1>> driven by black box <fulladder>. Possible simulation mismatch.
WARNING:Xst:2036 - Inserting OBUF on port <s<0>> driven by black box <fulladder>. Possible simulation mismatch.

=========================================================================
*                            Final Report                               *
=========================================================================
Final Results
RTL Top Level Output File Name     : fulladder4bit.ngr
Top Level Output File Name         : fulladder4bit
Output Format                      : NGC
Optimization Goal                  : Speed
Keep Hierarchy                     : YES
Target Technology                  : Automotive CoolRunner2
Macro Preserve                     : YES
XOR Preserve                       : YES
wysiwyg                            : NO

Design Statistics
# IOs                              : 14

Cell Usage :
# IO Buffers                       : 14
#      IBUF                        : 9
#      OBUF                        : 5
# Others                           : 4
#      fulladder                   : 4
=========================================================================
CPU : 3.39 / 3.79 s | Elapsed : 4.00 / 4.00 s
 
--> 

Total memory usage is 162192 kilobytes

Number of errors   :    0 (   0 filtered)
Number of warnings :    9 (   0 filtered)
Number of infos    :    0 (   0 filtered)

