 command line:
   ./mux8bybahav_tb_isim_beh.exe
     -intstyle  ise
     -ipchost  localhost
     -ipcport  49462

Mon Aug 21 23:43:26 2017

Total Line Count = 756

 Elaboration time 0.015625 sec.

 Estimate current memory usage 62.2305 Meg. 

 Total signals 8
 Total nets 13
 Total signal drivers 4
 Total blocks 7
 Total primitive blocks 1
 Total processes 2
ntrace select -o on -m / -l this 
ntrace start 
run all 
Simulator is doing circuit initialization process.
Finished circuit initialization process.
