Release 8.1i - xst I.24
Copyright (c) 1995-2005 Xilinx, Inc.  All rights reserved.
--> Parameter TMPDIR set to ./xst/projnav.tmp
CPU : 0.00 / 0.07 s | Elapsed : 0.00 / 0.00 s
 
--> Parameter xsthdpdir set to ./xst
CPU : 0.00 / 0.07 s | Elapsed : 0.00 / 0.00 s
 
--> Reading design: mux8bybehav.prj

TABLE OF CONTENTS
  1) Synthesis Options Summary
  2) HDL Compilation
  3) HDL Analysis
  4) HDL Synthesis
     4.1) HDL Synthesis Report
  5) Advanced HDL Synthesis
     5.1) Advanced HDL Synthesis Report
  6) Low Level Synthesis
  7) Final Report

=========================================================================
*                      Synthesis Options Summary                        *
=========================================================================
---- Source Parameters
Input File Name                    : "mux8bybehav.prj"
Input Format                       : mixed
Ignore Synthesis Constraint File   : NO

---- Target Parameters
Output File Name                   : "mux8bybehav"
Output Format                      : NGC
Target Device                      : Automotive CoolRunner2

---- Source Options
Top Module Name                    : mux8bybehav
Automatic FSM Extraction           : YES
FSM Encoding Algorithm             : Auto
Mux Extraction                     : YES
Resource Sharing                   : YES

---- Target Options
Add IO Buffers                     : YES
MACRO Preserve                     : YES
XOR Preserve                       : YES
Equivalent register Removal        : YES

---- General Options
Optimization Goal                  : Speed
Optimization Effort                : 1
Keep Hierarchy                     : YES
RTL Output                         : Yes
Hierarchy Separator                : /
Bus Delimiter                      : <>
Case Specifier                     : maintain

---- Other Options
lso                                : mux8bybehav.lso
verilog2001                        : YES
safe_implementation                : No
wysiwyg                            : NO

=========================================================================


=========================================================================
*                          HDL Compilation                              *
=========================================================================
WARNING:HDLParsers:3215 - Unit work/mux8bybehav is now defined in a different file: was D:/IT_X_20/mux8bybehav/mux8bybehav.vhd, now is F:/LAB/jeet_5s/Xilin/mux8bybehav/mux8bybehav.vhd
WARNING:HDLParsers:3215 - Unit work/mux8bybehav/Behavioral is now defined in a different file: was D:/IT_X_20/mux8bybehav/mux8bybehav.vhd, now is F:/LAB/jeet_5s/Xilin/mux8bybehav/mux8bybehav.vhd
Compiling vhdl file "F:/LAB/jeet_5s/Xilin/mux8bybehav/mux8bybehav.vhd" in Library work.
Architecture behavioral of Entity mux8bybehav is up to date.

=========================================================================
*                            HDL Analysis                               *
=========================================================================
Analyzing Entity <mux8bybehav> (Architecture <behavioral>).
INFO:Xst:1561 - "F:/LAB/jeet_5s/Xilin/mux8bybehav/mux8bybehav.vhd" line 50: Mux is complete : default of case is discarded
Entity <mux8bybehav> analyzed. Unit <mux8bybehav> generated.


=========================================================================
*                           HDL Synthesis                               *
=========================================================================

Synthesizing Unit <mux8bybehav>.
    Related source file is "F:/LAB/jeet_5s/Xilin/mux8bybehav/mux8bybehav.vhd".
WARNING:Xst:647 - Input <e> is never used.
    Found 1-bit 8-to-1 multiplexer for signal <y>.
Unit <mux8bybehav> synthesized.


=========================================================================
HDL Synthesis Report

Macro Statistics
# Multiplexers                                         : 1
 1-bit 8-to-1 multiplexer                              : 1

=========================================================================

=========================================================================
*                       Advanced HDL Synthesis                          *
=========================================================================


=========================================================================
Advanced HDL Synthesis Report

Macro Statistics
# Multiplexers                                         : 1
 1-bit 8-to-1 multiplexer                              : 1

=========================================================================

=========================================================================
*                         Low Level Synthesis                           *
=========================================================================

Optimizing unit <mux8bybehav> ...

=========================================================================
*                            Final Report                               *
=========================================================================
Final Results
RTL Top Level Output File Name     : mux8bybehav.ngr
Top Level Output File Name         : mux8bybehav
Output Format                      : NGC
Optimization Goal                  : Speed
Keep Hierarchy                     : YES
Target Technology                  : Automotive CoolRunner2
Macro Preserve                     : YES
XOR Preserve                       : YES
wysiwyg                            : NO

Design Statistics
# IOs                              : 13

Cell Usage :
# BELS                             : 28
#      AND2                        : 14
#      INV                         : 7
#      OR2                         : 7
# IO Buffers                       : 12
#      IBUF                        : 11
#      OBUF                        : 1
=========================================================================
CPU : 2.06 / 2.14 s | Elapsed : 2.00 / 2.00 s
 
--> 

Total memory usage is 156704 kilobytes

Number of errors   :    0 (   0 filtered)
Number of warnings :    3 (   0 filtered)
Number of infos    :    1 (   0 filtered)

