 command line:
   ./Exp_2_Vec_Res_isim_beh.exe
     -intstyle  ise
     -ipchost  localhost
     -ipcport  52599

Tue Jul 25 11:50:01 2017

Total Line Count = 749

 Elaboration time 0.015625 sec.

 Estimate current memory usage 62.2264 Meg. 

 Total signals 4
 Total nets 5
 Total signal drivers 2
 Total blocks 7
 Total primitive blocks 1
 Total processes 2
ntrace select -o on -m / -l this 
ntrace start 
run all 
Simulator is doing circuit initialization process.
Finished circuit initialization process.
