 command line:
   ./Full_Add_Res_isim_beh.exe
     -intstyle  ise
     -ipchost  localhost
     -ipcport  52677

Tue Jul 25 12:21:43 2017

Total Line Count = 759

 Elaboration time 0 sec.

 Estimate current memory usage 62.3616 Meg. 

 Total signals 6
 Total nets 5
 Total signal drivers 3
 Total blocks 7
 Total primitive blocks 1
 Total processes 3
ntrace select -o on -m / -l this 
ntrace start 
run all 
Simulator is doing circuit initialization process.
Finished circuit initialization process.
