 command line:
   ./NOTGATE_RES_isim_beh.exe
     -intstyle  ise
     -ipchost  localhost
     -ipcport  51392

Tue Jul 18 11:51:57 2017

Total Line Count = 725

 Elaboration time 0.03125 sec.

 Estimate current memory usage 62.2264 Meg. 

 Total signals 4
 Total nets 2
 Total signal drivers 2
 Total blocks 7
 Total primitive blocks 1
 Total processes 2
ntrace select -o on -m / -l this 
ntrace start 
run all 
Simulator is doing circuit initialization process.
Finished circuit initialization process.
