 command line:
   ./XORGATE_RES_isim_beh.exe
     -intstyle  ise
     -ipchost  localhost
     -ipcport  51398

Tue Jul 18 11:56:27 2017

Total Line Count = 733

 Elaboration time 0.015625 sec.

 Estimate current memory usage 62.2264 Meg. 

 Total signals 6
 Total nets 3
 Total signal drivers 3
 Total blocks 7
 Total primitive blocks 1
 Total processes 2
ntrace select -o on -m / -l this 
ntrace start 
run all 
Simulator is doing circuit initialization process.
Finished circuit initialization process.
