Release 8.1i - xst I.24
Copyright (c) 1995-2005 Xilinx, Inc.  All rights reserved.
--> Parameter TMPDIR set to ./xst/projnav.tmp
CPU : 0.00 / 0.22 s | Elapsed : 0.00 / 0.00 s
 
--> Parameter xsthdpdir set to ./xst
CPU : 0.00 / 0.22 s | Elapsed : 0.00 / 0.00 s
 
--> Reading design: ALU.prj

TABLE OF CONTENTS
  1) Synthesis Options Summary
  2) HDL Compilation
  3) HDL Analysis
  4) HDL Synthesis
     4.1) HDL Synthesis Report
  5) Advanced HDL Synthesis
     5.1) Advanced HDL Synthesis Report
  6) Low Level Synthesis
  7) Final Report

=========================================================================
*                      Synthesis Options Summary                        *
=========================================================================
---- Source Parameters
Input File Name                    : "ALU.prj"
Input Format                       : mixed
Ignore Synthesis Constraint File   : NO

---- Target Parameters
Output File Name                   : "ALU"
Output Format                      : NGC
Target Device                      : Automotive CoolRunner2

---- Source Options
Top Module Name                    : ALU
Automatic FSM Extraction           : YES
FSM Encoding Algorithm             : Auto
Mux Extraction                     : YES
Resource Sharing                   : YES

---- Target Options
Add IO Buffers                     : YES
MACRO Preserve                     : YES
XOR Preserve                       : YES
Equivalent register Removal        : YES

---- General Options
Optimization Goal                  : Speed
Optimization Effort                : 1
Keep Hierarchy                     : YES
RTL Output                         : Yes
Hierarchy Separator                : /
Bus Delimiter                      : <>
Case Specifier                     : maintain

---- Other Options
lso                                : ALU.lso
verilog2001                        : YES
safe_implementation                : No
wysiwyg                            : NO

=========================================================================


=========================================================================
*                          HDL Compilation                              *
=========================================================================
WARNING:HDLParsers:3215 - Unit work/ALU is now defined in a different file: was D:/IT_X_20/ALU/ALU.vhd, now is F:/LAB/jeet_5s/Xilin/ALU/ALU.vhd
WARNING:HDLParsers:3215 - Unit work/ALU/Behavioral is now defined in a different file: was D:/IT_X_20/ALU/ALU.vhd, now is F:/LAB/jeet_5s/Xilin/ALU/ALU.vhd
Compiling vhdl file "F:/LAB/jeet_5s/Xilin/ALU/ALU.vhd" in Library work.
Architecture behavioral of Entity alu is up to date.

=========================================================================
*                            HDL Analysis                               *
=========================================================================
Analyzing Entity <ALU> (Architecture <behavioral>).
Entity <ALU> analyzed. Unit <ALU> generated.

Analyzing Entity <mux4> (Architecture <behavioral>).
Entity <mux4> analyzed. Unit <mux4> generated.

Analyzing Entity <Full_Add> (Architecture <behavioral>).
Entity <Full_Add> analyzed. Unit <Full_Add> generated.


=========================================================================
*                           HDL Synthesis                               *
=========================================================================

Synthesizing Unit <Full_Add>.
    Related source file is "D:/IT_X_20/Full_Add/Full_Add.vhd".
    Found 1-bit xor3 for signal <s>.
Unit <Full_Add> synthesized.


Synthesizing Unit <mux4>.
    Related source file is "D:/IT_X_20/mux4/mux4.vhd".
Unit <mux4> synthesized.


Synthesizing Unit <ALU>.
    Related source file is "F:/LAB/jeet_5s/Xilin/ALU/ALU.vhd".
Unit <ALU> synthesized.


=========================================================================
HDL Synthesis Report

Macro Statistics
# Xors                                                 : 4
 1-bit xor3                                            : 4

=========================================================================

=========================================================================
*                       Advanced HDL Synthesis                          *
=========================================================================


=========================================================================
Advanced HDL Synthesis Report

Macro Statistics
# Xors                                                 : 4
 1-bit xor3                                            : 4

=========================================================================

=========================================================================
*                         Low Level Synthesis                           *
=========================================================================
WARNING:Xst:1355 - Unit mux4 is merged (low complexity)

Optimizing unit <ALU> ...

Optimizing unit <Full_Add> ...

=========================================================================
*                            Final Report                               *
=========================================================================
Final Results
RTL Top Level Output File Name     : ALU.ngr
Top Level Output File Name         : ALU
Output Format                      : NGC
Optimization Goal                  : Speed
Keep Hierarchy                     : YES
Target Technology                  : Automotive CoolRunner2
Macro Preserve                     : YES
XOR Preserve                       : YES
wysiwyg                            : NO

Design Statistics
# IOs                              : 16

Cell Usage :
# BELS                             : 60
#      AND2                        : 16
#      AND3                        : 4
#      INV                         : 16
#      OR2                         : 16
#      XOR2                        : 8
# IO Buffers                       : 16
#      IBUF                        : 11
#      OBUF                        : 5
=========================================================================
CPU : 2.31 / 2.53 s | Elapsed : 3.00 / 3.00 s
 
--> 

Total memory usage is 157600 kilobytes

Number of errors   :    0 (   0 filtered)
Number of warnings :    3 (   0 filtered)
Number of infos    :    0 (   0 filtered)

