 command line:
   ./PIPO_RES_isim_beh.exe
     -intstyle  ise
     -ipchost  localhost
     -ipcport  51229

Mon Oct 16 22:12:50 2017

Total Line Count = 848

 Elaboration time 0.03125 sec.

 Estimate current memory usage 73.7567 Meg. 

 Total signals 30
 Total nets 17
 Total signal drivers 10
 Total blocks 15
 Total primitive blocks 8
 Total processes 10
ntrace select -o on -n /PIPO_RES/din 
ntrace select -o on -n /PIPO_RES/clk 
ntrace select -o on -n /PIPO_RES/qout 
ntrace start 
run all 
Simulator is doing circuit initialization process.
Finished circuit initialization process.
