Release 8.1i - xst I.24
Copyright (c) 1995-2005 Xilinx, Inc.  All rights reserved.
--> Parameter TMPDIR set to ./xst/projnav.tmp
CPU : 0.00 / 0.67 s | Elapsed : 0.00 / 1.00 s
 
--> Parameter xsthdpdir set to ./xst
CPU : 0.00 / 0.67 s | Elapsed : 0.00 / 1.00 s
 
--> Reading design: D_B_MAX.prj

TABLE OF CONTENTS
  1) Synthesis Options Summary
  2) HDL Compilation
  3) HDL Analysis
  4) HDL Synthesis
     4.1) HDL Synthesis Report
  5) Advanced HDL Synthesis
     5.1) Advanced HDL Synthesis Report
  6) Low Level Synthesis
  7) Final Report

=========================================================================
*                      Synthesis Options Summary                        *
=========================================================================
---- Source Parameters
Input File Name                    : "D_B_MAX.prj"
Input Format                       : mixed
Ignore Synthesis Constraint File   : NO

---- Target Parameters
Output File Name                   : "D_B_MAX"
Output Format                      : NGC
Target Device                      : Automotive CoolRunner2

---- Source Options
Top Module Name                    : D_B_MAX
Automatic FSM Extraction           : YES
FSM Encoding Algorithm             : Auto
Mux Extraction                     : YES
Resource Sharing                   : YES

---- Target Options
Add IO Buffers                     : YES
MACRO Preserve                     : YES
XOR Preserve                       : YES
Equivalent register Removal        : YES

---- General Options
Optimization Goal                  : Speed
Optimization Effort                : 1
Keep Hierarchy                     : YES
RTL Output                         : Yes
Hierarchy Separator                : /
Bus Delimiter                      : <>
Case Specifier                     : maintain

---- Other Options
lso                                : D_B_MAX.lso
verilog2001                        : YES
safe_implementation                : No
wysiwyg                            : NO

=========================================================================


=========================================================================
*                          HDL Compilation                              *
=========================================================================
Compiling vhdl file "F:/LAB/jeet_5s/Xilin/D_B_MAX/D_B_MAX.vhd" in Library work.
Entity <d_b_max> compiled.
Entity <d_b_max> (Architecture <behavioral>) compiled.

=========================================================================
*                            HDL Analysis                               *
=========================================================================
Analyzing Entity <D_B_MAX> (Architecture <behavioral>).
Entity <D_B_MAX> analyzed. Unit <D_B_MAX> generated.

Analyzing Entity <mux4> (Architecture <behavioral>).
Entity <mux4> analyzed. Unit <mux4> generated.


=========================================================================
*                           HDL Synthesis                               *
=========================================================================

Synthesizing Unit <mux4>.
    Related source file is "D:/IT_X_20/mux4/mux4.vhd".
Unit <mux4> synthesized.


Synthesizing Unit <D_B_MAX>.
    Related source file is "F:/LAB/jeet_5s/Xilin/D_B_MAX/D_B_MAX.vhd".
Unit <D_B_MAX> synthesized.


=========================================================================
HDL Synthesis Report

Found no macro
=========================================================================

=========================================================================
*                       Advanced HDL Synthesis                          *
=========================================================================


=========================================================================
Advanced HDL Synthesis Report

Found no macro
=========================================================================

=========================================================================
*                         Low Level Synthesis                           *
=========================================================================
WARNING:Xst:1355 - Unit mux4 is merged (low complexity)

Optimizing unit <D_B_MAX> ...

=========================================================================
*                            Final Report                               *
=========================================================================
Final Results
RTL Top Level Output File Name     : D_B_MAX.ngr
Top Level Output File Name         : D_B_MAX
Output Format                      : NGC
Optimization Goal                  : Speed
Keep Hierarchy                     : YES
Target Technology                  : Automotive CoolRunner2
Macro Preserve                     : YES
XOR Preserve                       : YES
wysiwyg                            : NO

Design Statistics
# IOs                              : 5

Cell Usage :
# BELS                             : 21
#      AND2                        : 8
#      INV                         : 8
#      OR2                         : 5
# IO Buffers                       : 5
#      IBUF                        : 3
#      OBUF                        : 2
=========================================================================
CPU : 2.40 / 3.06 s | Elapsed : 2.00 / 3.00 s
 
--> 

Total memory usage is 156904 kilobytes

Number of errors   :    0 (   0 filtered)
Number of warnings :    1 (   0 filtered)
Number of infos    :    0 (   0 filtered)

